d:\course\nam4.2\nhapmonchuongtrinhdich\baitaplon\ptcp\nmctd-20162\debug\vc140.pdb
d:\course\nam4.2\nhapmonchuongtrinhdich\baitaplon\ptcp\nmctd-20162\debug\vc140.idb
d:\course\nam4.2\nhapmonchuongtrinhdich\baitaplon\ptcp\nmctd-20162\debug\charcode.obj
d:\course\nam4.2\nhapmonchuongtrinhdich\baitaplon\ptcp\nmctd-20162\debug\error.obj
d:\course\nam4.2\nhapmonchuongtrinhdich\baitaplon\ptcp\nmctd-20162\debug\main.obj
d:\course\nam4.2\nhapmonchuongtrinhdich\baitaplon\ptcp\nmctd-20162\debug\parser.obj
d:\course\nam4.2\nhapmonchuongtrinhdich\baitaplon\ptcp\nmctd-20162\debug\reader.obj
d:\course\nam4.2\nhapmonchuongtrinhdich\baitaplon\ptcp\nmctd-20162\debug\scanner.obj
d:\course\nam4.2\nhapmonchuongtrinhdich\baitaplon\ptcp\nmctd-20162\debug\token.obj
d:\course\nam4.2\nhapmonchuongtrinhdich\baitaplon\ptcp\nmctd-20162\debug\vc141.pdb
d:\course\nam4.2\nhapmonchuongtrinhdich\baitaplon\ptcp\nmctd-20162\debug\vc141.idb
d:\course\nam4.2\nhapmonchuongtrinhdich\baitaplon\ptcp\nmctd-20162\debug\ptcp.ilk
d:\course\nam4.2\nhapmonchuongtrinhdich\baitaplon\ptcp\nmctd-20162\debug\ptcp.exe
d:\course\nam4.2\nhapmonchuongtrinhdich\baitaplon\ptcp\nmctd-20162\debug\ptcp.pdb
d:\course\nam4.2\nhapmonchuongtrinhdich\baitaplon\ptcp\nmctd-20162\debug\lnk{5dfcf270-98fc-4605-839e-82f72ffba91a}.tmp
d:\course\nam4.2\nhapmonchuongtrinhdich\baitaplon\ptcp\nmctd-20162\debug\ptcp.tlog\cl.command.1.tlog
d:\course\nam4.2\nhapmonchuongtrinhdich\baitaplon\ptcp\nmctd-20162\debug\ptcp.tlog\cl.read.1.tlog
d:\course\nam4.2\nhapmonchuongtrinhdich\baitaplon\ptcp\nmctd-20162\debug\ptcp.tlog\cl.write.1.tlog
d:\course\nam4.2\nhapmonchuongtrinhdich\baitaplon\ptcp\nmctd-20162\debug\ptcp.tlog\link.command.1.tlog
d:\course\nam4.2\nhapmonchuongtrinhdich\baitaplon\ptcp\nmctd-20162\debug\ptcp.tlog\link.delete.1.tlog
d:\course\nam4.2\nhapmonchuongtrinhdich\baitaplon\ptcp\nmctd-20162\debug\ptcp.tlog\link.read.1.tlog
d:\course\nam4.2\nhapmonchuongtrinhdich\baitaplon\ptcp\nmctd-20162\debug\ptcp.tlog\link.write.1.tlog
